This file contains any messages produced by compilers while
running configure, to aid debugging if configure makes a mistake.

It was created by SurveySim configure 1.0, which was
generated by GNU Autoconf 2.69.  Invocation command line was

  $ ./configure --no-create --no-recursion

## --------- ##
## Platform. ##
## --------- ##

hostname = Noah-Kurinsky.local
uname -m = x86_64
uname -r = 15.5.0
uname -s = Darwin
uname -v = Darwin Kernel Version 15.5.0: Tue Apr 19 18:36:36 PDT 2016; root:xnu-3248.50.21~8/RELEASE_X86_64

/usr/bin/uname -p = i386
/bin/uname -X     = unknown

/bin/arch              = unknown
/usr/bin/arch -k       = unknown
/usr/convex/getsysinfo = unknown
/usr/bin/hostinfo      = Mach kernel version:
	 Darwin Kernel Version 15.5.0: Tue Apr 19 18:36:36 PDT 2016; root:xnu-3248.50.21~8/RELEASE_X86_64
Kernel configured for up to 4 processors.
2 processors are physically available.
4 processors are logically available.
Processor type: x86_64h (Intel x86-64h Haswell)
Processors active: 0 1 2 3
Primary memory available: 16.00 gigabytes
Default processor set: 299 tasks, 1382 threads, 4 processors
Load average: 2.21, Mach factor: 1.78
/bin/machine           = unknown
/usr/bin/oslevel       = unknown
/bin/universe          = unknown

PATH: /usr/local/bin
PATH: /usr/bin
PATH: /bin
PATH: /usr/sbin
PATH: /sbin
PATH: /opt/X11/bin
PATH: /Library/TeX/texbin
PATH: ./
PATH: /Applications/Julia-0.3.11.app/Contents/Resources/julia/bin
PATH: /Library/TeX/Distributions/Programs/texbin/


## ----------- ##
## Core tests. ##
## ----------- ##

configure:2297: checking whether to enable maintainer-specific portions of Makefiles
configure:2306: result: no
configure:2330: checking whether make supports nested variables
configure:2347: result: yes
configure:2403: checking for a BSD-compatible install
configure:2471: result: /usr/bin/install -c
configure:2482: checking whether build environment is sane
configure:2537: result: yes
configure:2688: checking for a thread-safe mkdir -p
configure:2727: result: ./install-sh -c -d
configure:2734: checking for gawk
configure:2764: result: no
configure:2734: checking for mawk
configure:2764: result: no
configure:2734: checking for nawk
configure:2764: result: no
configure:2734: checking for awk
configure:2750: found /usr/bin/awk
configure:2761: result: awk
configure:2772: checking whether make sets $(MAKE)
configure:2794: result: yes
configure:2986: checking for g++
configure:3002: found /usr/bin/g++
configure:3013: result: g++
configure:3040: checking for C++ compiler version
configure:3049: g++ --version >&5
Apple LLVM version 7.3.0 (clang-703.0.29)
Target: x86_64-apple-darwin15.5.0
Thread model: posix
InstalledDir: /Applications/Xcode.app/Contents/Developer/Toolchains/XcodeDefault.xctoolchain/usr/bin
Configured with: --prefix=/Applications/Xcode.app/Contents/Developer/usr --with-gxx-include-dir=/usr/include/c++/4.2.1
configure:3060: $? = 0
configure:3049: g++ -v >&5
Configured with: --prefix=/Applications/Xcode.app/Contents/Developer/usr --with-gxx-include-dir=/usr/include/c++/4.2.1
Apple LLVM version 7.3.0 (clang-703.0.29)
Target: x86_64-apple-darwin15.5.0
Thread model: posix
InstalledDir: /Applications/Xcode.app/Contents/Developer/Toolchains/XcodeDefault.xctoolchain/usr/bin
configure:3060: $? = 0
configure:3049: g++ -V >&5
clang: error: argument to '-V' is missing (expected 1 value)
clang: error: no input files
configure:3060: $? = 1
configure:3049: g++ -qversion >&5
clang: error: unknown argument: '-qversion'
clang: error: no input files
configure:3060: $? = 1
configure:3080: checking whether the C++ compiler works
configure:3102: g++    conftest.cpp  >&5
configure:3106: $? = 0
configure:3154: result: yes
configure:3157: checking for C++ compiler default output file name
configure:3159: result: a.out
configure:3165: checking for suffix of executables
configure:3172: g++ -o conftest    conftest.cpp  >&5
configure:3176: $? = 0
configure:3198: result: 
configure:3220: checking whether we are cross compiling
configure:3228: g++ -o conftest    conftest.cpp  >&5
configure:3232: $? = 0
configure:3239: ./conftest
configure:3243: $? = 0
configure:3258: result: no
configure:3263: checking for suffix of object files
configure:3285: g++ -c   conftest.cpp >&5
configure:3289: $? = 0
configure:3310: result: o
configure:3314: checking whether we are using the GNU C++ compiler
configure:3333: g++ -c   conftest.cpp >&5
configure:3333: $? = 0
configure:3342: result: yes
configure:3351: checking whether g++ accepts -g
configure:3371: g++ -c -g  conftest.cpp >&5
configure:3371: $? = 0
configure:3412: result: yes
configure:3446: checking for style of include used by make
configure:3474: result: GNU
configure:3500: checking dependency style of g++
configure:3611: result: gcc3
configure:3674: checking for gcc
configure:3690: found /usr/bin/gcc
configure:3701: result: gcc
configure:3930: checking for C compiler version
configure:3939: gcc --version >&5
Apple LLVM version 7.3.0 (clang-703.0.29)
Target: x86_64-apple-darwin15.5.0
Thread model: posix
InstalledDir: /Applications/Xcode.app/Contents/Developer/Toolchains/XcodeDefault.xctoolchain/usr/bin
Configured with: --prefix=/Applications/Xcode.app/Contents/Developer/usr --with-gxx-include-dir=/usr/include/c++/4.2.1
configure:3950: $? = 0
configure:3939: gcc -v >&5
Configured with: --prefix=/Applications/Xcode.app/Contents/Developer/usr --with-gxx-include-dir=/usr/include/c++/4.2.1
Apple LLVM version 7.3.0 (clang-703.0.29)
Target: x86_64-apple-darwin15.5.0
Thread model: posix
InstalledDir: /Applications/Xcode.app/Contents/Developer/Toolchains/XcodeDefault.xctoolchain/usr/bin
configure:3950: $? = 0
configure:3939: gcc -V >&5
clang: error: argument to '-V' is missing (expected 1 value)
clang: error: no input files
configure:3950: $? = 1
configure:3939: gcc -qversion >&5
clang: error: unknown argument: '-qversion'
clang: error: no input files
configure:3950: $? = 1
configure:3954: checking whether we are using the GNU C compiler
configure:3973: gcc -c   conftest.c >&5
configure:3973: $? = 0
configure:3982: result: yes
configure:3991: checking whether gcc accepts -g
configure:4011: gcc -c -g  conftest.c >&5
configure:4011: $? = 0
configure:4052: result: yes
configure:4069: checking for gcc option to accept ISO C89
configure:4132: gcc  -c -g -O2  conftest.c >&5
configure:4132: $? = 0
configure:4145: result: none needed
configure:4170: checking whether gcc understands -c and -o together
configure:4192: gcc -c conftest.c -o conftest2.o
configure:4195: $? = 0
configure:4192: gcc -c conftest.c -o conftest2.o
configure:4195: $? = 0
configure:4207: result: yes
configure:4226: checking dependency style of gcc
configure:4337: result: gcc3
configure:4357: checking how to run the C preprocessor
configure:4388: gcc -E  conftest.c
configure:4388: $? = 0
configure:4402: gcc -E  conftest.c
conftest.c:11:10: fatal error: 'ac_nonexistent.h' file not found
#include <ac_nonexistent.h>
         ^
1 error generated.
configure:4402: $? = 1
configure: failed program was:
| /* confdefs.h */
| #define PACKAGE_NAME "SurveySim"
| #define PACKAGE_TARNAME "surveysim"
| #define PACKAGE_VERSION "1.0"
| #define PACKAGE_STRING "SurveySim 1.0"
| #define PACKAGE_BUGREPORT "nkurinsky91@gmail.com"
| #define PACKAGE_URL ""
| #define PACKAGE "surveysim"
| #define VERSION "1.0"
| /* end confdefs.h.  */
| #include <ac_nonexistent.h>
configure:4427: result: gcc -E
configure:4447: gcc -E  conftest.c
configure:4447: $? = 0
configure:4461: gcc -E  conftest.c
conftest.c:11:10: fatal error: 'ac_nonexistent.h' file not found
#include <ac_nonexistent.h>
         ^
1 error generated.
configure:4461: $? = 1
configure: failed program was:
| /* confdefs.h */
| #define PACKAGE_NAME "SurveySim"
| #define PACKAGE_TARNAME "surveysim"
| #define PACKAGE_VERSION "1.0"
| #define PACKAGE_STRING "SurveySim 1.0"
| #define PACKAGE_BUGREPORT "nkurinsky91@gmail.com"
| #define PACKAGE_URL ""
| #define PACKAGE "surveysim"
| #define VERSION "1.0"
| /* end confdefs.h.  */
| #include <ac_nonexistent.h>
configure:4532: checking for ranlib
configure:4548: found /usr/bin/ranlib
configure:4559: result: ranlib
configure:4585: checking for cos in -lm
configure:4610: gcc -o conftest -g -O2   conftest.c -lm   >&5
conftest.c:18:6: warning: incompatible redeclaration of library function 'cos' [-Wincompatible-library-redeclaration]
char cos ();
     ^
conftest.c:18:6: note: 'cos' is a builtin with type 'double (double)'
1 warning generated.
configure:4610: $? = 0
configure:4619: result: yes
configure:4633: checking for cblas_sgemm in -lgslcblas
configure:4658: gcc -o conftest -g -O2   conftest.c -lgslcblas  -lm  >&5
configure:4658: $? = 0
configure:4667: result: yes
configure:4681: checking for main in -lgsl
configure:4700: gcc -o conftest -g -O2   conftest.c -lgsl  -lgslcblas -lm  >&5
configure:4700: $? = 0
configure:4709: result: yes
configure:4723: checking for ffopen in -lcfitsio
configure:4748: gcc -o conftest -g -O2   conftest.c -lcfitsio  -lgsl -lgslcblas -lm  >&5
configure:4748: $? = 0
configure:4757: result: yes
configure:4771: checking for main in -lCCfits
configure:4790: gcc -o conftest -g -O2   conftest.c -lCCfits  -lcfitsio -lgsl -lgslcblas -lm  >&5
configure:4790: $? = 0
configure:4799: result: yes
configure:4827: checking how to run the C++ preprocessor
configure:4854: g++ -E  conftest.cpp
configure:4854: $? = 0
configure:4868: g++ -E  conftest.cpp
conftest.cpp:16:10: fatal error: 'ac_nonexistent.h' file not found
#include <ac_nonexistent.h>
         ^
1 error generated.
configure:4868: $? = 1
configure: failed program was:
| /* confdefs.h */
| #define PACKAGE_NAME "SurveySim"
| #define PACKAGE_TARNAME "surveysim"
| #define PACKAGE_VERSION "1.0"
| #define PACKAGE_STRING "SurveySim 1.0"
| #define PACKAGE_BUGREPORT "nkurinsky91@gmail.com"
| #define PACKAGE_URL ""
| #define PACKAGE "surveysim"
| #define VERSION "1.0"
| #define HAVE_LIBM 1
| #define HAVE_LIBGSLCBLAS 1
| #define HAVE_LIBGSL 1
| #define HAVE_LIBCFITSIO 1
| #define HAVE_LIBCCFITS 1
| /* end confdefs.h.  */
| #include <ac_nonexistent.h>
configure:4893: result: g++ -E
configure:4913: g++ -E  conftest.cpp
configure:4913: $? = 0
configure:4927: g++ -E  conftest.cpp
conftest.cpp:16:10: fatal error: 'ac_nonexistent.h' file not found
#include <ac_nonexistent.h>
         ^
1 error generated.
configure:4927: $? = 1
configure: failed program was:
| /* confdefs.h */
| #define PACKAGE_NAME "SurveySim"
| #define PACKAGE_TARNAME "surveysim"
| #define PACKAGE_VERSION "1.0"
| #define PACKAGE_STRING "SurveySim 1.0"
| #define PACKAGE_BUGREPORT "nkurinsky91@gmail.com"
| #define PACKAGE_URL ""
| #define PACKAGE "surveysim"
| #define VERSION "1.0"
| #define HAVE_LIBM 1
| #define HAVE_LIBGSLCBLAS 1
| #define HAVE_LIBGSL 1
| #define HAVE_LIBCFITSIO 1
| #define HAVE_LIBCCFITS 1
| /* end confdefs.h.  */
| #include <ac_nonexistent.h>
configure:4956: checking for grep that handles long lines and -e
configure:5014: result: /usr/bin/grep
configure:5019: checking for egrep
configure:5081: result: /usr/bin/grep -E
configure:5086: checking for ANSI C header files
configure:5106: g++ -c -g -O2  conftest.cpp >&5
configure:5106: $? = 0
configure:5179: g++ -o conftest -g -O2   conftest.cpp -lCCfits -lcfitsio -lgsl -lgslcblas -lm  >&5
configure:5179: $? = 0
configure:5179: ./conftest
configure:5179: $? = 0
configure:5190: result: yes
configure:5203: checking for sys/types.h
configure:5203: g++ -c -g -O2  conftest.cpp >&5
configure:5203: $? = 0
configure:5203: result: yes
configure:5203: checking for sys/stat.h
configure:5203: g++ -c -g -O2  conftest.cpp >&5
configure:5203: $? = 0
configure:5203: result: yes
configure:5203: checking for stdlib.h
configure:5203: g++ -c -g -O2  conftest.cpp >&5
configure:5203: $? = 0
configure:5203: result: yes
configure:5203: checking for string.h
configure:5203: g++ -c -g -O2  conftest.cpp >&5
configure:5203: $? = 0
configure:5203: result: yes
configure:5203: checking for memory.h
configure:5203: g++ -c -g -O2  conftest.cpp >&5
configure:5203: $? = 0
configure:5203: result: yes
configure:5203: checking for strings.h
configure:5203: g++ -c -g -O2  conftest.cpp >&5
configure:5203: $? = 0
configure:5203: result: yes
configure:5203: checking for inttypes.h
configure:5203: g++ -c -g -O2  conftest.cpp >&5
configure:5203: $? = 0
configure:5203: result: yes
configure:5203: checking for stdint.h
configure:5203: g++ -c -g -O2  conftest.cpp >&5
configure:5203: $? = 0
configure:5203: result: yes
configure:5203: checking for unistd.h
configure:5203: g++ -c -g -O2  conftest.cpp >&5
configure:5203: $? = 0
configure:5203: result: yes
configure:5217: checking for stdlib.h
configure:5217: result: yes
configure:5229: checking fitsio.h usability
configure:5229: g++ -c -g -O2  conftest.cpp >&5
configure:5229: $? = 0
configure:5229: result: yes
configure:5229: checking fitsio.h presence
configure:5229: g++ -E  conftest.cpp
configure:5229: $? = 0
configure:5229: result: yes
configure:5229: checking for fitsio.h
configure:5229: result: yes
configure:5244: checking CCfits/CCfits.h usability
configure:5244: g++ -c -g -O2  conftest.cpp >&5
configure:5244: $? = 0
configure:5244: result: yes
configure:5244: checking CCfits/CCfits.h presence
configure:5244: g++ -E  conftest.cpp
configure:5244: $? = 0
configure:5244: result: yes
configure:5244: checking for CCfits/CCfits.h
configure:5244: result: yes
configure:5259: checking gsl/gsl_rng.h usability
configure:5259: g++ -c -g -O2  conftest.cpp >&5
configure:5259: $? = 0
configure:5259: result: yes
configure:5259: checking gsl/gsl_rng.h presence
configure:5259: g++ -E  conftest.cpp
configure:5259: $? = 0
configure:5259: result: yes
configure:5259: checking for gsl/gsl_rng.h
configure:5259: result: yes
configure:5280: checking for stdbool.h that conforms to C99
configure:5347: gcc -c -g -O2  conftest.c >&5
conftest.c:79:24: warning: address of 's' will always evaluate to 'true' [-Wpointer-bool-conversion]
             bool e = &s;
                  ~    ^
conftest.c:83:23: warning: address of array 'a' will always evaluate to 'true' [-Wpointer-bool-conversion]
             return (!a + !b + !c + !d + !e + !f + !g + !h + !i + !!j + !k + !!l
                     ~^
conftest.c:83:28: warning: address of array 'b' will always evaluate to 'true' [-Wpointer-bool-conversion]
             return (!a + !b + !c + !d + !e + !f + !g + !h + !i + !!j + !k + !!l
                          ~^
conftest.c:83:33: warning: address of array 'c' will always evaluate to 'true' [-Wpointer-bool-conversion]
             return (!a + !b + !c + !d + !e + !f + !g + !h + !i + !!j + !k + !!l
                               ~^
conftest.c:83:38: warning: address of array 'd' will always evaluate to 'true' [-Wpointer-bool-conversion]
             return (!a + !b + !c + !d + !e + !f + !g + !h + !i + !!j + !k + !!l
                                    ~^
conftest.c:83:48: warning: address of array 'f' will always evaluate to 'true' [-Wpointer-bool-conversion]
             return (!a + !b + !c + !d + !e + !f + !g + !h + !i + !!j + !k + !!l
                                              ~^
conftest.c:83:53: warning: address of array 'g' will always evaluate to 'true' [-Wpointer-bool-conversion]
             return (!a + !b + !c + !d + !e + !f + !g + !h + !i + !!j + !k + !!l
                                                   ~^
conftest.c:83:58: warning: address of array 'h' will always evaluate to 'true' [-Wpointer-bool-conversion]
             return (!a + !b + !c + !d + !e + !f + !g + !h + !i + !!j + !k + !!l
                                                        ~^
conftest.c:83:63: warning: address of array 'i' will always evaluate to 'true' [-Wpointer-bool-conversion]
             return (!a + !b + !c + !d + !e + !f + !g + !h + !i + !!j + !k + !!l
                                                             ~^
conftest.c:84:30: warning: address of array 'n' will always evaluate to 'true' [-Wpointer-bool-conversion]
                            ~^
conftest.c:84:35: warning: address of array 'o' will always evaluate to 'true' [-Wpointer-bool-conversion]
                                 ~^
conftest.c:84:40: warning: address of array 'p' will always evaluate to 'true' [-Wpointer-bool-conversion]
                                      ~^
12 warnings generated.
configure:5347: $? = 0
configure:5354: result: yes
configure:5356: checking for _Bool
configure:5356: gcc -c -g -O2  conftest.c >&5
configure:5356: $? = 0
configure:5356: gcc -c -g -O2  conftest.c >&5
conftest.c:66:20: error: expected expression
if (sizeof ((_Bool)))
                   ^
1 error generated.
configure:5356: $? = 1
configure: failed program was:
| /* confdefs.h */
| #define PACKAGE_NAME "SurveySim"
| #define PACKAGE_TARNAME "surveysim"
| #define PACKAGE_VERSION "1.0"
| #define PACKAGE_STRING "SurveySim 1.0"
| #define PACKAGE_BUGREPORT "nkurinsky91@gmail.com"
| #define PACKAGE_URL ""
| #define PACKAGE "surveysim"
| #define VERSION "1.0"
| #define HAVE_LIBM 1
| #define HAVE_LIBGSLCBLAS 1
| #define HAVE_LIBGSL 1
| #define HAVE_LIBCFITSIO 1
| #define HAVE_LIBCCFITS 1
| #define STDC_HEADERS 1
| #define HAVE_SYS_TYPES_H 1
| #define HAVE_SYS_STAT_H 1
| #define HAVE_STDLIB_H 1
| #define HAVE_STRING_H 1
| #define HAVE_MEMORY_H 1
| #define HAVE_STRINGS_H 1
| #define HAVE_INTTYPES_H 1
| #define HAVE_STDINT_H 1
| #define HAVE_UNISTD_H 1
| #define HAVE_STDLIB_H 1
| #define HAVE_FITSIO_H 1
| #define HAVE_CCFITS_CCFITS_H 1
| #define HAVE_GSL_GSL_RNG_H 1
| /* end confdefs.h.  */
| #include <stdio.h>
| #ifdef HAVE_SYS_TYPES_H
| # include <sys/types.h>
| #endif
| #ifdef HAVE_SYS_STAT_H
| # include <sys/stat.h>
| #endif
| #ifdef STDC_HEADERS
| # include <stdlib.h>
| # include <stddef.h>
| #else
| # ifdef HAVE_STDLIB_H
| #  include <stdlib.h>
| # endif
| #endif
| #ifdef HAVE_STRING_H
| # if !defined STDC_HEADERS && defined HAVE_MEMORY_H
| #  include <memory.h>
| # endif
| # include <string.h>
| #endif
| #ifdef HAVE_STRINGS_H
| # include <strings.h>
| #endif
| #ifdef HAVE_INTTYPES_H
| # include <inttypes.h>
| #endif
| #ifdef HAVE_STDINT_H
| # include <stdint.h>
| #endif
| #ifdef HAVE_UNISTD_H
| # include <unistd.h>
| #endif
| int
| main ()
| {
| if (sizeof ((_Bool)))
| 	    return 0;
|   ;
|   return 0;
| }
configure:5356: result: yes
configure:5373: checking for size_t
configure:5373: gcc -c -g -O2  conftest.c >&5
configure:5373: $? = 0
configure:5373: gcc -c -g -O2  conftest.c >&5
conftest.c:68:21: error: expected expression
if (sizeof ((size_t)))
                    ^
1 error generated.
configure:5373: $? = 1
configure: failed program was:
| /* confdefs.h */
| #define PACKAGE_NAME "SurveySim"
| #define PACKAGE_TARNAME "surveysim"
| #define PACKAGE_VERSION "1.0"
| #define PACKAGE_STRING "SurveySim 1.0"
| #define PACKAGE_BUGREPORT "nkurinsky91@gmail.com"
| #define PACKAGE_URL ""
| #define PACKAGE "surveysim"
| #define VERSION "1.0"
| #define HAVE_LIBM 1
| #define HAVE_LIBGSLCBLAS 1
| #define HAVE_LIBGSL 1
| #define HAVE_LIBCFITSIO 1
| #define HAVE_LIBCCFITS 1
| #define STDC_HEADERS 1
| #define HAVE_SYS_TYPES_H 1
| #define HAVE_SYS_STAT_H 1
| #define HAVE_STDLIB_H 1
| #define HAVE_STRING_H 1
| #define HAVE_MEMORY_H 1
| #define HAVE_STRINGS_H 1
| #define HAVE_INTTYPES_H 1
| #define HAVE_STDINT_H 1
| #define HAVE_UNISTD_H 1
| #define HAVE_STDLIB_H 1
| #define HAVE_FITSIO_H 1
| #define HAVE_CCFITS_CCFITS_H 1
| #define HAVE_GSL_GSL_RNG_H 1
| #define HAVE__BOOL 1
| #define HAVE_STDBOOL_H 1
| /* end confdefs.h.  */
| #include <stdio.h>
| #ifdef HAVE_SYS_TYPES_H
| # include <sys/types.h>
| #endif
| #ifdef HAVE_SYS_STAT_H
| # include <sys/stat.h>
| #endif
| #ifdef STDC_HEADERS
| # include <stdlib.h>
| # include <stddef.h>
| #else
| # ifdef HAVE_STDLIB_H
| #  include <stdlib.h>
| # endif
| #endif
| #ifdef HAVE_STRING_H
| # if !defined STDC_HEADERS && defined HAVE_MEMORY_H
| #  include <memory.h>
| # endif
| # include <string.h>
| #endif
| #ifdef HAVE_STRINGS_H
| # include <strings.h>
| #endif
| #ifdef HAVE_INTTYPES_H
| # include <inttypes.h>
| #endif
| #ifdef HAVE_STDINT_H
| # include <stdint.h>
| #endif
| #ifdef HAVE_UNISTD_H
| # include <unistd.h>
| #endif
| int
| main ()
| {
| if (sizeof ((size_t)))
| 	    return 0;
|   ;
|   return 0;
| }
configure:5373: result: yes
configure:5389: checking for floor
configure:5389: gcc -o conftest -g -O2   conftest.c -lCCfits -lcfitsio -lgsl -lgslcblas -lm  >&5
conftest.c:55:6: warning: incompatible redeclaration of library function 'floor' [-Wincompatible-library-redeclaration]
char floor ();
     ^
conftest.c:55:6: note: 'floor' is a builtin with type 'double (double)'
1 warning generated.
configure:5389: $? = 0
configure:5389: result: yes
configure:5389: checking for pow
configure:5389: gcc -o conftest -g -O2   conftest.c -lCCfits -lcfitsio -lgsl -lgslcblas -lm  >&5
conftest.c:56:6: warning: incompatible redeclaration of library function 'pow' [-Wincompatible-library-redeclaration]
char pow ();
     ^
conftest.c:56:6: note: 'pow' is a builtin with type 'double (double, double)'
1 warning generated.
configure:5389: $? = 0
configure:5389: result: yes
configure:5389: checking for sqrt
configure:5389: gcc -o conftest -g -O2   conftest.c -lCCfits -lcfitsio -lgsl -lgslcblas -lm  >&5
conftest.c:57:6: warning: incompatible redeclaration of library function 'sqrt' [-Wincompatible-library-redeclaration]
char sqrt ();
     ^
conftest.c:57:6: note: 'sqrt' is a builtin with type 'double (double)'
1 warning generated.
configure:5389: $? = 0
configure:5389: result: yes
configure:5550: checking that generated files are newer than configure
configure:5556: result: done
configure:5583: creating ./config.status

## ---------------- ##
## Cache variables. ##
## ---------------- ##

ac_cv_c_compiler_gnu=yes
ac_cv_cxx_compiler_gnu=yes
ac_cv_env_CCC_set=
ac_cv_env_CCC_value=
ac_cv_env_CC_set=
ac_cv_env_CC_value=
ac_cv_env_CFLAGS_set=
ac_cv_env_CFLAGS_value=
ac_cv_env_CPPFLAGS_set=
ac_cv_env_CPPFLAGS_value=
ac_cv_env_CPP_set=
ac_cv_env_CPP_value=
ac_cv_env_CXXCPP_set=
ac_cv_env_CXXCPP_value=
ac_cv_env_CXXFLAGS_set=
ac_cv_env_CXXFLAGS_value=
ac_cv_env_CXX_set=
ac_cv_env_CXX_value=
ac_cv_env_LDFLAGS_set=
ac_cv_env_LDFLAGS_value=
ac_cv_env_LIBS_set=
ac_cv_env_LIBS_value=
ac_cv_env_build_alias_set=
ac_cv_env_build_alias_value=
ac_cv_env_host_alias_set=
ac_cv_env_host_alias_value=
ac_cv_env_target_alias_set=
ac_cv_env_target_alias_value=
ac_cv_func_floor=yes
ac_cv_func_pow=yes
ac_cv_func_sqrt=yes
ac_cv_header_CCfits_CCfits_h=yes
ac_cv_header_fitsio_h=yes
ac_cv_header_gsl_gsl_rng_h=yes
ac_cv_header_inttypes_h=yes
ac_cv_header_memory_h=yes
ac_cv_header_stdbool_h=yes
ac_cv_header_stdc=yes
ac_cv_header_stdint_h=yes
ac_cv_header_stdlib_h=yes
ac_cv_header_string_h=yes
ac_cv_header_strings_h=yes
ac_cv_header_sys_stat_h=yes
ac_cv_header_sys_types_h=yes
ac_cv_header_unistd_h=yes
ac_cv_lib_CCfits_main=yes
ac_cv_lib_cfitsio_ffopen=yes
ac_cv_lib_gsl_main=yes
ac_cv_lib_gslcblas_cblas_sgemm=yes
ac_cv_lib_m_cos=yes
ac_cv_objext=o
ac_cv_path_EGREP='/usr/bin/grep -E'
ac_cv_path_GREP=/usr/bin/grep
ac_cv_path_install='/usr/bin/install -c'
ac_cv_prog_AWK=awk
ac_cv_prog_CPP='gcc -E'
ac_cv_prog_CXXCPP='g++ -E'
ac_cv_prog_ac_ct_CC=gcc
ac_cv_prog_ac_ct_CXX=g++
ac_cv_prog_ac_ct_RANLIB=ranlib
ac_cv_prog_cc_c89=
ac_cv_prog_cc_g=yes
ac_cv_prog_cxx_g=yes
ac_cv_prog_make_make_set=yes
ac_cv_type__Bool=yes
ac_cv_type_size_t=yes
am_cv_CC_dependencies_compiler_type=gcc3
am_cv_CXX_dependencies_compiler_type=gcc3
am_cv_make_support_nested_variables=yes
am_cv_prog_cc_c_o=yes

## ----------------- ##
## Output variables. ##
## ----------------- ##

ACLOCAL='${SHELL} /Users/kurinsky/Repositories/SurveySim/missing aclocal-1.14'
AMDEPBACKSLASH='\'
AMDEP_FALSE='#'
AMDEP_TRUE=''
AMTAR='$${TAR-tar}'
AM_BACKSLASH='\'
AM_DEFAULT_V='$(AM_DEFAULT_VERBOSITY)'
AM_DEFAULT_VERBOSITY='0'
AM_V='$(V)'
AUTOCONF='${SHELL} /Users/kurinsky/Repositories/SurveySim/missing autoconf'
AUTOHEADER='${SHELL} /Users/kurinsky/Repositories/SurveySim/missing autoheader'
AUTOMAKE='${SHELL} /Users/kurinsky/Repositories/SurveySim/missing automake-1.14'
AWK='awk'
CC='gcc'
CCDEPMODE='depmode=gcc3'
CFLAGS='-g -O2'
CPP='gcc -E'
CPPFLAGS=''
CXX='g++'
CXXCPP='g++ -E'
CXXDEPMODE='depmode=gcc3'
CXXFLAGS='-g -O2'
CYGPATH_W='echo'
DEFS='-DPACKAGE_NAME=\"SurveySim\" -DPACKAGE_TARNAME=\"surveysim\" -DPACKAGE_VERSION=\"1.0\" -DPACKAGE_STRING=\"SurveySim\ 1.0\" -DPACKAGE_BUGREPORT=\"nkurinsky91@gmail.com\" -DPACKAGE_URL=\"\" -DPACKAGE=\"surveysim\" -DVERSION=\"1.0\" -DHAVE_LIBM=1 -DHAVE_LIBGSLCBLAS=1 -DHAVE_LIBGSL=1 -DHAVE_LIBCFITSIO=1 -DHAVE_LIBCCFITS=1 -DSTDC_HEADERS=1 -DHAVE_SYS_TYPES_H=1 -DHAVE_SYS_STAT_H=1 -DHAVE_STDLIB_H=1 -DHAVE_STRING_H=1 -DHAVE_MEMORY_H=1 -DHAVE_STRINGS_H=1 -DHAVE_INTTYPES_H=1 -DHAVE_STDINT_H=1 -DHAVE_UNISTD_H=1 -DHAVE_STDLIB_H=1 -DHAVE_FITSIO_H=1 -DHAVE_CCFITS_CCFITS_H=1 -DHAVE_GSL_GSL_RNG_H=1 -DHAVE__BOOL=1 -DHAVE_STDBOOL_H=1 -DHAVE_FLOOR=1 -DHAVE_POW=1 -DHAVE_SQRT=1'
DEPDIR='.deps'
ECHO_C='\c'
ECHO_N=''
ECHO_T=''
EGREP='/usr/bin/grep -E'
EXEEXT=''
GREP='/usr/bin/grep'
INSTALL_DATA='${INSTALL} -m 644'
INSTALL_PROGRAM='${INSTALL}'
INSTALL_SCRIPT='${INSTALL}'
INSTALL_STRIP_PROGRAM='$(install_sh) -c -s'
LDFLAGS=''
LIBOBJS=''
LIBS='-lCCfits -lcfitsio -lgsl -lgslcblas -lm '
LTLIBOBJS=''
MAINT='#'
MAINTAINER_MODE_FALSE=''
MAINTAINER_MODE_TRUE='#'
MAKEINFO='${SHELL} /Users/kurinsky/Repositories/SurveySim/missing makeinfo'
MKDIR_P='./install-sh -c -d'
OBJEXT='o'
PACKAGE='surveysim'
PACKAGE_BUGREPORT='nkurinsky91@gmail.com'
PACKAGE_NAME='SurveySim'
PACKAGE_STRING='SurveySim 1.0'
PACKAGE_TARNAME='surveysim'
PACKAGE_URL=''
PACKAGE_VERSION='1.0'
PATH_SEPARATOR=':'
RANLIB='ranlib'
SET_MAKE=''
SHELL='/bin/sh'
STRIP=''
VERSION='1.0'
ac_ct_CC='gcc'
ac_ct_CXX='g++'
am__EXEEXT_FALSE=''
am__EXEEXT_TRUE='#'
am__fastdepCC_FALSE='#'
am__fastdepCC_TRUE=''
am__fastdepCXX_FALSE='#'
am__fastdepCXX_TRUE=''
am__include='include'
am__isrc=''
am__leading_dot='.'
am__nodep='_no'
am__quote=''
am__tar='$${TAR-tar} chof - "$$tardir"'
am__untar='$${TAR-tar} xf -'
bindir='${exec_prefix}/bin'
build_alias=''
datadir='${datarootdir}'
datarootdir='${prefix}/share'
docdir='${datarootdir}/doc/${PACKAGE_TARNAME}'
dvidir='${docdir}'
exec_prefix='${prefix}'
host_alias=''
htmldir='${docdir}'
includedir='${prefix}/include'
infodir='${datarootdir}/info'
install_sh='${SHELL} /Users/kurinsky/Repositories/SurveySim/install-sh'
libdir='${exec_prefix}/lib'
libexecdir='${exec_prefix}/libexec'
localedir='${datarootdir}/locale'
localstatedir='${prefix}/var'
mandir='${datarootdir}/man'
mkdir_p='$(MKDIR_P)'
oldincludedir='/usr/include'
pdfdir='${docdir}'
prefix='/usr/local'
program_transform_name='s,x,x,'
psdir='${docdir}'
sbindir='${exec_prefix}/sbin'
sharedstatedir='${prefix}/com'
sysconfdir='${prefix}/etc'
target_alias=''

## ----------- ##
## confdefs.h. ##
## ----------- ##

/* confdefs.h */
#define PACKAGE_NAME "SurveySim"
#define PACKAGE_TARNAME "surveysim"
#define PACKAGE_VERSION "1.0"
#define PACKAGE_STRING "SurveySim 1.0"
#define PACKAGE_BUGREPORT "nkurinsky91@gmail.com"
#define PACKAGE_URL ""
#define PACKAGE "surveysim"
#define VERSION "1.0"
#define HAVE_LIBM 1
#define HAVE_LIBGSLCBLAS 1
#define HAVE_LIBGSL 1
#define HAVE_LIBCFITSIO 1
#define HAVE_LIBCCFITS 1
#define STDC_HEADERS 1
#define HAVE_SYS_TYPES_H 1
#define HAVE_SYS_STAT_H 1
#define HAVE_STDLIB_H 1
#define HAVE_STRING_H 1
#define HAVE_MEMORY_H 1
#define HAVE_STRINGS_H 1
#define HAVE_INTTYPES_H 1
#define HAVE_STDINT_H 1
#define HAVE_UNISTD_H 1
#define HAVE_STDLIB_H 1
#define HAVE_FITSIO_H 1
#define HAVE_CCFITS_CCFITS_H 1
#define HAVE_GSL_GSL_RNG_H 1
#define HAVE__BOOL 1
#define HAVE_STDBOOL_H 1
#define HAVE_FLOOR 1
#define HAVE_POW 1
#define HAVE_SQRT 1

configure: exit 0

## ---------------------- ##
## Running config.status. ##
## ---------------------- ##

This file was extended by SurveySim config.status 1.0, which was
generated by GNU Autoconf 2.69.  Invocation command line was

  CONFIG_FILES    = 
  CONFIG_HEADERS  = 
  CONFIG_LINKS    = 
  CONFIG_COMMANDS = 
  $ ./config.status 

on Noah-Kurinsky.local

config.status:799: creating Makefile
config.status:799: creating src/Makefile
config.status:799: creating filters/Makefile
config.status:799: creating templates/Makefile
config.status:799: creating lib_aux/Makefile
config.status:799: creating src/alg_lib/Makefile
config.status:799: creating python/Makefile
config.status:799: creating python/SurveySim/Makefile
config.status:799: creating python/examples/Makefile
config.status:799: creating examples/Makefile
config.status:799: creating docs/Makefile
config.status:971: executing depfiles commands
